[ 2025-02-07T09:38:34+08:00 ][ info ] [ BEHAVIOR ] Run Closure @app_init [ RunTime:0.000120s ]
[ info ] [ LOG ] INIT File
info
[ 2025-02-07T09:38:34+08:00 ][ info ] [ CACHE ] INIT File
info
[ 2025-02-07T09:38:34+08:00 ][ info ] [ BEHAVIOR ] Run Closure @app_init [ RunTime:0.003115s ]
info
[ 2025-02-07T09:38:34+08:00 ][ info ] [ BEHAVIOR ] Run app\common\behavior\Common @app_init [ RunTime:0.001012s ]
info
[ 2025-02-07T09:39:08+08:00 ][ info ] [ BEHAVIOR ] Run Closure @app_init [ RunTime:0.000120s ]
[ info ] [ LOG ] INIT File
info
[ 2025-02-07T09:39:08+08:00 ][ info ] [ CACHE ] INIT File
info
[ 2025-02-07T09:39:08+08:00 ][ info ] [ BEHAVIOR ] Run Closure @app_init [ RunTime:0.002611s ]
info
[ 2025-02-07T09:39:08+08:00 ][ info ] [ BEHAVIOR ] Run app\common\behavior\Common @app_init [ RunTime:0.000934s ]
info
[ 2025-02-07T10:06:58+08:00 ][ info ] [ BEHAVIOR ] Run Closure @app_init [ RunTime:0.000116s ]
[ info ] [ LOG ] INIT File
info
[ 2025-02-07T10:06:58+08:00 ][ info ] [ CACHE ] INIT File
info
[ 2025-02-07T10:06:58+08:00 ][ info ] [ BEHAVIOR ] Run Closure @app_init [ RunTime:0.002669s ]
info
[ 2025-02-07T10:06:58+08:00 ][ info ] [ BEHAVIOR ] Run app\common\behavior\Common @app_init [ RunTime:0.001302s ]
info
[ 2025-02-07T10:07:14+08:00 ][ info ] [ BEHAVIOR ] Run Closure @app_init [ RunTime:0.000113s ]
[ info ] [ LOG ] INIT File
info
[ 2025-02-07T10:07:14+08:00 ][ info ] [ CACHE ] INIT File
info
[ 2025-02-07T10:07:14+08:00 ][ info ] [ BEHAVIOR ] Run Closure @app_init [ RunTime:0.002591s ]
info
[ 2025-02-07T10:07:14+08:00 ][ info ] [ BEHAVIOR ] Run app\common\behavior\Common @app_init [ RunTime:0.000908s ]
info
