[ 2025-02-10T11:19:00+08:00 ][ info ] [ BEHAVIOR ] Run Closure @app_init [ RunTime:0.000102s ]
[ info ] [ LOG ] INIT File
info
[ 2025-02-10T11:19:00+08:00 ][ info ] [ CACHE ] INIT File
info
[ 2025-02-10T11:19:00+08:00 ][ info ] [ BEHAVIOR ] Run Closure @app_init [ RunTime:0.002812s ]
info
[ 2025-02-10T11:19:00+08:00 ][ info ] [ BEHAVIOR ] Run app\common\behavior\Common @app_init [ RunTime:0.000931s ]
info
[ 2025-02-10T11:31:45+08:00 ][ info ] [ BEHAVIOR ] Run Closure @app_init [ RunTime:0.000103s ]
[ info ] [ LOG ] INIT File
info
[ 2025-02-10T11:31:45+08:00 ][ info ] [ CACHE ] INIT File
info
[ 2025-02-10T11:31:45+08:00 ][ info ] [ BEHAVIOR ] Run Closure @app_init [ RunTime:0.002437s ]
info
[ 2025-02-10T11:31:45+08:00 ][ info ] [ BEHAVIOR ] Run app\common\behavior\Common @app_init [ RunTime:0.000896s ]
info
[ 2025-02-10T11:31:56+08:00 ][ info ] [ BEHAVIOR ] Run Closure @app_init [ RunTime:0.000106s ]
[ info ] [ LOG ] INIT File
info
[ 2025-02-10T11:31:56+08:00 ][ info ] [ CACHE ] INIT File
info
[ 2025-02-10T11:31:56+08:00 ][ info ] [ BEHAVIOR ] Run Closure @app_init [ RunTime:0.002385s ]
info
[ 2025-02-10T11:31:56+08:00 ][ info ] [ BEHAVIOR ] Run app\common\behavior\Common @app_init [ RunTime:0.000896s ]
info
[ 2025-02-10T11:34:31+08:00 ][ info ] [ BEHAVIOR ] Run Closure @app_init [ RunTime:0.000103s ]
[ info ] [ LOG ] INIT File
info
[ 2025-02-10T11:34:31+08:00 ][ info ] [ CACHE ] INIT File
info
[ 2025-02-10T11:34:31+08:00 ][ info ] [ BEHAVIOR ] Run Closure @app_init [ RunTime:0.002634s ]
info
[ 2025-02-10T11:34:31+08:00 ][ info ] [ BEHAVIOR ] Run app\common\behavior\Common @app_init [ RunTime:0.001071s ]
info
[ 2025-02-10T11:49:49+08:00 ][ info ] [ BEHAVIOR ] Run Closure @app_init [ RunTime:0.000117s ]
[ info ] [ LOG ] INIT File
info
[ 2025-02-10T11:49:49+08:00 ][ info ] [ CACHE ] INIT File
info
[ 2025-02-10T11:49:49+08:00 ][ info ] [ BEHAVIOR ] Run Closure @app_init [ RunTime:0.002767s ]
info
[ 2025-02-10T11:49:49+08:00 ][ info ] [ BEHAVIOR ] Run app\common\behavior\Common @app_init [ RunTime:0.000925s ]
info
[ 2025-02-10T12:26:49+08:00 ][ info ] [ BEHAVIOR ] Run Closure @app_init [ RunTime:0.000110s ]
[ info ] [ LOG ] INIT File
info
[ 2025-02-10T12:26:49+08:00 ][ info ] [ CACHE ] INIT File
info
[ 2025-02-10T12:26:49+08:00 ][ info ] [ BEHAVIOR ] Run Closure @app_init [ RunTime:0.002651s ]
info
[ 2025-02-10T12:26:49+08:00 ][ info ] [ BEHAVIOR ] Run app\common\behavior\Common @app_init [ RunTime:0.000914s ]
info
[ 2025-02-10T13:04:26+08:00 ][ info ] [ BEHAVIOR ] Run Closure @app_init [ RunTime:0.000110s ]
[ info ] [ LOG ] INIT File
info
[ 2025-02-10T13:04:26+08:00 ][ info ] [ CACHE ] INIT File
info
[ 2025-02-10T13:04:26+08:00 ][ info ] [ BEHAVIOR ] Run Closure @app_init [ RunTime:0.002441s ]
info
[ 2025-02-10T13:04:26+08:00 ][ info ] [ BEHAVIOR ] Run app\common\behavior\Common @app_init [ RunTime:0.000894s ]
info
[ 2025-02-10T13:05:31+08:00 ][ info ] [ BEHAVIOR ] Run Closure @app_init [ RunTime:0.000105s ]
[ info ] [ LOG ] INIT File
info
[ 2025-02-10T13:05:31+08:00 ][ info ] [ CACHE ] INIT File
info
[ 2025-02-10T13:05:31+08:00 ][ info ] [ BEHAVIOR ] Run Closure @app_init [ RunTime:0.002383s ]
info
[ 2025-02-10T13:05:31+08:00 ][ info ] [ BEHAVIOR ] Run app\common\behavior\Common @app_init [ RunTime:0.000889s ]
info
